# JRE version: OpenJDK Runtime Environment (8.0_121-b13) (build 1.8.0_121-8u121-b13-0ubuntu1.16.04.2-b13)
# Java VM: OpenJDK 64-Bit Server VM (25.121-b13 mixed mode linux-amd64 compressed oops)
Heap:
 PSYoungGen      total 610816K, used 19869K [0x00000000d5580000, 0x0000000100000000, 0x0000000100000000)
  eden space 539136K, 0% used [0x00000000d5580000,0x00000000d5580000,0x00000000f6400000)
  from space 71680K, 27% used [0x00000000fba00000,0x00000000fcd67610,0x0000000100000000)
  to   space 79872K, 0% used [0x00000000f6400000,0x00000000f6400000,0x00000000fb200000)
 ParOldGen       total 173056K, used 172826K [0x0000000080000000, 0x000000008a900000, 0x00000000d5580000)
  object space 173056K, 99% used [0x0000000080000000,0x000000008a8c6b70,0x000000008a900000)
 Metaspace       used 70563K, capacity 72444K, committed 72832K, reserved 1112064K
  class space    used 8775K, capacity 9195K, committed 9344K, reserved 1048576K
GC Heap History (10 events):
Event: 118.874 GC heap after
Heap after GC invocations=19 (full 3):
 PSYoungGen      total 383488K, used 32230K [0x00000000d5580000, 0x00000000f2e80000, 0x0000000100000000)
  eden space 351232K, 0% used [0x00000000d5580000,0x00000000d5580000,0x00000000eac80000)
  from space 32256K, 99% used [0x00000000ed980000,0x00000000ef8f98b8,0x00000000ef900000)
  to   space 46080K, 0% used [0x00000000eac80000,0x00000000eac80000,0x00000000ed980000)
 ParOldGen       total 173056K, used 71431K [0x0000000080000000, 0x000000008a900000, 0x00000000d5580000)
  object space 173056K, 41% used [0x0000000080000000,0x00000000845c1d08,0x000000008a900000)
 Metaspace       used 69972K, capacity 71864K, committed 72064K, reserved 1112064K
  class space    used 8778K, capacity 9211K, committed 9344K, reserved 1048576K
}
Event: 120.245 GC heap before
{Heap before GC invocations=20 (full 3):
 PSYoungGen      total 383488K, used 383462K [0x00000000d5580000, 0x00000000f2e80000, 0x0000000100000000)
  eden space 351232K, 100% used [0x00000000d5580000,0x00000000eac80000,0x00000000eac80000)
  from space 32256K, 99% used [0x00000000ed980000,0x00000000ef8f98b8,0x00000000ef900000)
  to   space 46080K, 0% used [0x00000000eac80000,0x00000000eac80000,0x00000000ed980000)
 ParOldGen       total 173056K, used 71434K [0x0000000080000000, 0x000000008a900000, 0x00000000d5580000)
  object space 173056K, 41% used [0x0000000080000000,0x00000000845c2930,0x000000008a900000)
 Metaspace       used 70233K, capacity 72120K, committed 72320K, reserved 1112064K
  class space    used 8783K, capacity 9211K, committed 9344K, reserved 1048576K
Event: 120.603 GC heap after
Heap after GC invocations=20 (full 3):
 PSYoungGen      total 397312K, used 46049K [0x00000000d5580000, 0x00000000f9480000, 0x0000000100000000)
  eden space 351232K, 0% used [0x00000000d5580000,0x00000000d5580000,0x00000000eac80000)
  from space 46080K, 99% used [0x00000000eac80000,0x00000000ed9785f8,0x00000000ed980000)
  to   space 60928K, 0% used [0x00000000f5900000,0x00000000f5900000,0x00000000f9480000)
 ParOldGen       total 173056K, used 90979K [0x0000000080000000, 0x000000008a900000, 0x00000000d5580000)
  object space 173056K, 52% used [0x0000000080000000,0x00000000858d8d70,0x000000008a900000)
 Metaspace       used 70233K, capacity 72120K, committed 72320K, reserved 1112064K
  class space    used 8783K, capacity 9211K, committed 9344K, reserved 1048576K
}
Event: 120.646 GC heap before
{Heap before GC invocations=21 (full 3):
 PSYoungGen      total 397312K, used 61971K [0x00000000d5580000, 0x00000000f9480000, 0x0000000100000000)
  eden space 351232K, 4% used [0x00000000d5580000,0x00000000d650c968,0x00000000eac80000)
  from space 46080K, 99% used [0x00000000eac80000,0x00000000ed9785f8,0x00000000ed980000)
  to   space 60928K, 0% used [0x00000000f5900000,0x00000000f5900000,0x00000000f9480000)
 ParOldGen       total 173056K, used 90979K [0x0000000080000000, 0x000000008a900000, 0x00000000d5580000)
  object space 173056K, 52% used [0x0000000080000000,0x00000000858d8d70,0x000000008a900000)
 Metaspace       used 70239K, capacity 72120K, committed 72320K, reserved 1112064K
  class space    used 8783K, capacity 9211K, committed 9344K, reserved 1048576K
Event: 120.778 GC heap after
Heap after GC invocations=21 (full 3):
 PSYoungGen      total 525312K, used 39093K [0x00000000d5580000, 0x00000000fa800000, 0x0000000100000000)
  eden space 464384K, 0% used [0x00000000d5580000,0x00000000d5580000,0x00000000f1b00000)
  from space 60928K, 64% used [0x00000000f5900000,0x00000000f7f2d428,0x00000000f9480000)
  to   space 63488K, 0% used [0x00000000f1b00000,0x00000000f1b00000,0x00000000f5900000)
 ParOldGen       total 173056K, used 99500K [0x0000000080000000, 0x000000008a900000, 0x00000000d5580000)
  object space 173056K, 57% used [0x0000000080000000,0x000000008612b268,0x000000008a900000)
 Metaspace       used 70239K, capacity 72120K, committed 72320K, reserved 1112064K
  class space    used 8783K, capacity 9211K, committed 9344K, reserved 1048576K
}
Event: 122.088 GC heap before
{Heap before GC invocations=22 (full 3):
 PSYoungGen      total 525312K, used 503477K [0x00000000d5580000, 0x00000000fa800000, 0x0000000100000000)
  eden space 464384K, 100% used [0x00000000d5580000,0x00000000f1b00000,0x00000000f1b00000)
  from space 60928K, 64% used [0x00000000f5900000,0x00000000f7f2d428,0x00000000f9480000)
  to   space 63488K, 0% used [0x00000000f1b00000,0x00000000f1b00000,0x00000000f5900000)
 ParOldGen       total 173056K, used 99500K [0x0000000080000000, 0x000000008a900000, 0x00000000d5580000)
  object space 173056K, 57% used [0x0000000080000000,0x000000008612b268,0x000000008a900000)
 Metaspace       used 70346K, capacity 72312K, committed 72576K, reserved 1112064K
  class space    used 8784K, capacity 9211K, committed 9344K, reserved 1048576K
Event: 122.343 GC heap after
Heap after GC invocations=22 (full 3):
 PSYoungGen      total 527872K, used 58185K [0x00000000d5580000, 0x0000000100000000, 0x0000000100000000)
  eden space 464384K, 0% used [0x00000000d5580000,0x00000000d5580000,0x00000000f1b00000)
  from space 63488K, 91% used [0x00000000f1b00000,0x00000000f53d2638,0x00000000f5900000)
  to   space 71680K, 0% used [0x00000000fba00000,0x00000000fba00000,0x0000000100000000)
 ParOldGen       total 173056K, used 135113K [0x0000000080000000, 0x000000008a900000, 0x00000000d5580000)
  object space 173056K, 78% used [0x0000000080000000,0x00000000883f2648,0x000000008a900000)
 Metaspace       used 70346K, capacity 72312K, committed 72576K, reserved 1112064K
  class space    used 8784K, capacity 9211K, committed 9344K, reserved 1048576K
}
Event: 123.417 GC heap before
{Heap before GC invocations=23 (full 3):
 PSYoungGen      total 527872K, used 522569K [0x00000000d5580000, 0x0000000100000000, 0x0000000100000000)
  eden space 464384K, 100% used [0x00000000d5580000,0x00000000f1b00000,0x00000000f1b00000)
  from space 63488K, 91% used [0x00000000f1b00000,0x00000000f53d2638,0x00000000f5900000)
  to   space 71680K, 0% used [0x00000000fba00000,0x00000000fba00000,0x0000000100000000)
 ParOldGen       total 173056K, used 135113K [0x0000000080000000, 0x000000008a900000, 0x00000000d5580000)
  object space 173056K, 78% used [0x0000000080000000,0x00000000883f2648,0x000000008a900000)
 Metaspace       used 70586K, capacity 72504K, committed 72832K, reserved 1112064K
  class space    used 8784K, capacity 9211K, committed 9344K, reserved 1048576K
Event: 123.602 GC heap after
Heap after GC invocations=23 (full 3):
 PSYoungGen      total 610816K, used 61533K [0x00000000d5580000, 0x0000000100000000, 0x0000000100000000)
  eden space 539136K, 0% used [0x00000000d5580000,0x00000000d5580000,0x00000000f6400000)
  from space 71680K, 85% used [0x00000000fba00000,0x00000000ff6175d8,0x0000000100000000)
  to   space 79872K, 0% used [0x00000000f6400000,0x00000000f6400000,0x00000000fb200000)
 ParOldGen       total 173056K, used 169180K [0x0000000080000000, 0x000000008a900000, 0x00000000d5580000)
  object space 173056K, 97% used [0x0000000080000000,0x000000008a5370f8,0x000000008a900000)
 Metaspace       used 70586K, capacity 72504K, committed 72832K, reserved 1112064K
  class space    used 8784K, capacity 9211K, committed 9344K, reserved 1048576K
}
Event: 123.603 GC heap before
{Heap before GC invocations=24 (full 4):
 PSYoungGen      total 610816K, used 61533K [0x00000000d5580000, 0x0000000100000000, 0x0000000100000000)
  eden space 539136K, 0% used [0x00000000d5580000,0x00000000d5580000,0x00000000f6400000)
  from space 71680K, 85% used [0x00000000fba00000,0x00000000ff6175d8,0x0000000100000000)
  to   space 79872K, 0% used [0x00000000f6400000,0x00000000f6400000,0x00000000fb200000)
 ParOldGen       total 173056K, used 169180K [0x0000000080000000, 0x000000008a900000, 0x00000000d5580000)
  object space 173056K, 97% used [0x0000000080000000,0x000000008a5370f8,0x000000008a900000)
 Metaspace       used 70586K, capacity 72504K, committed 72832K, reserved 1112064K
  class space    used 8784K, capacity 9211K, committed 9344K, reserved 1048576K

